<?xml version="1.0" encoding="UTF-8"?>
<!-- Generated by org.testng.reporters.JUnitReportReporter -->
<testsuite hostname="LAPTOP-CNPB4DM3" failures="0" tests="1" name="functionality.Product" time="97.248" errors="0" timestamp="2021-11-02T06:32:34 SAST" skipped="0">
  <testcase classname="functionality.Product" name="logIn" time="97.248"/>
  <system-out/>
</testsuite> <!-- functionality.Product -->
