<?xml version="1.0" encoding="UTF-8"?>
<!-- Generated by org.testng.reporters.JUnitReportReporter -->
<testsuite hostname="LAPTOP-CNPB4DM3" failures="0" tests="14" name="credentials.register" time="0.181" errors="0" timestamp="2021-11-01T19:42:21 SAST" skipped="1">
  <testcase classname="credentials.register" name="login" time="0.088"/>
  <system-out/>
  <testcase classname="credentials.register" name="registration" time="0.006"/>
  <system-out/>
  <testcase classname="credentials.register" name="registration" time="0.002"/>
  <system-out/>
  <testcase classname="credentials.register" name="registration" time="0.002"/>
  <system-out/>
  <testcase classname="credentials.register" name="registration" time="0.003"/>
  <system-out/>
  <testcase classname="credentials.register" name="login" time="0.055"/>
  <system-out/>
  <testcase classname="credentials.register" name="registration" time="0.004"/>
  <system-out/>
  <testcase classname="credentials.register" name="registration" time="0.002"/>
  <system-out/>
  <testcase classname="credentials.register" name="login" time="0.005"/>
  <system-out/>
  <testcase classname="credentials.register" name="login" time="0.004"/>
  <system-out/>
  <testcase classname="credentials.register" name="registration" time="0.005"/>
  <system-out/>
  <testcase classname="credentials.register" name="registration" time="0.002"/>
  <system-out/>
  <testcase classname="credentials.register" name="registration" time="0.003"/>
  <system-out/>
  <testcase classname="credentials.register" name="emailCheck">
    <skipped/>
  </testcase> <!-- emailCheck -->
  <system-out/>
</testsuite> <!-- credentials.register -->
